[ec2-user@ip-172-31-10-109 Original]$
[ec2-user@ip-172-31-10-109 Original]$
[ec2-user@ip-172-31-10-109 Original]$
[ec2-user@ip-172-31-10-109 Original]$
[ec2-user@ip-172-31-10-109 Original]$
[ec2-user@ip-172-31-10-109 Original]$
[ec2-user@ip-172-31-10-109 Original]$
[ec2-user@ip-172-31-10-109 Original]$
[ec2-user@ip-172-31-10-109 Original]$
[ec2-user@ip-172-31-10-109 Original]$
[ec2-user@ip-172-31-10-109 Original]$
[ec2-user@ip-172-31-10-109 Original]$
[ec2-user@ip-172-31-10-109 Original]$
[ec2-user@ip-172-31-10-109 Original]$
[ec2-user@ip-172-31-10-109 Original]$
[ec2-user@ip-172-31-10-109 Original]$
[ec2-user@ip-172-31-10-109 Original]$
[ec2-user@ip-172-31-10-109 Original]$
[ec2-user@ip-172-31-10-109 Original]$
[ec2-user@ip-172-31-10-109 Original]$
[ec2-user@ip-172-31-10-109 Original]$
[ec2-user@ip-172-31-10-109 Original]$
[ec2-user@ip-172-31-10-109 Original]$
[ec2-user@ip-172-31-10-109 Original]$
[ec2-user@ip-172-31-10-109 Original]$
[ec2-user@ip-172-31-10-109 Original]$
[ec2-user@ip-172-31-10-109 Original]$
[ec2-user@ip-172-31-10-109 Original]$
[ec2-user@ip-172-31-10-109 Original]$
[ec2-user@ip-172-31-10-109 Original]$
[ec2-user@ip-172-31-10-109 Original]$
[ec2-user@ip-172-31-10-109 Original]$
[ec2-user@ip-172-31-10-109 Original]$
[ec2-user@ip-172-31-10-109 Original]$
[ec2-user@ip-172-31-10-109 Original]$
[ec2-user@ip-172-31-10-109 Original]$
[ec2-user@ip-172-31-10-109 Original]$
[ec2-user@ip-172-31-10-109 Original]$
[ec2-user@ip-172-31-10-109 Original]$
[ec2-user@ip-172-31-10-109 Original]$
[ec2-user@ip-172-31-10-109 Original]$
[ec2-user@ip-172-31-10-109 Original]$
[ec2-user@ip-172-31-10-109 Original]$
[ec2-user@ip-172-31-10-109 Original]$ python CNN_20200809_Original.py
Requirement already satisfied: opencv-python in /home/ec2-user/anaconda3/lib/python3.7/site-packages (4.3.0.36)
Requirement already satisfied: numpy>=1.14.5 in /home/ec2-user/anaconda3/lib/python3.7/site-packages (from opencv-python) (1.18.1)
Requirement already satisfied: numpy in /home/ec2-user/anaconda3/lib/python3.7/site-packages (1.18.1)
Requirement already satisfied: matplotlib in /home/ec2-user/anaconda3/lib/python3.7/site-packages (3.1.3)
Requirement already satisfied: numpy>=1.11 in /home/ec2-user/anaconda3/lib/python3.7/site-packages (from matplotlib) (1.18.1)
Requirement already satisfied: pyparsing!=2.0.4,!=2.1.2,!=2.1.6,>=2.0.1 in /home/ec2-user/anaconda3/lib/python3.7/site-packages (from matplotlib) (2.4.6)
Requirement already satisfied: python-dateutil>=2.1 in /home/ec2-user/anaconda3/lib/python3.7/site-packages (from matplotlib) (2.8.1)
Requirement already satisfied: cycler>=0.10 in /home/ec2-user/anaconda3/lib/python3.7/site-packages (from matplotlib) (0.10.0)
Requirement already satisfied: kiwisolver>=1.0.1 in /home/ec2-user/anaconda3/lib/python3.7/site-packages (from matplotlib) (1.1.0)
Requirement already satisfied: six>=1.5 in /home/ec2-user/anaconda3/lib/python3.7/site-packages (from python-dateutil>=2.1->matplotlib) (1.14.0)
Requirement already satisfied: setuptools in /home/ec2-user/anaconda3/lib/python3.7/site-packages (from kiwisolver>=1.0.1->matplotlib) (46.1.3.post20200330)
$HOME=/home/ec2-user
CONFIGDIR=/home/ec2-user/.config/matplotlib
matplotlib data path: /home/ec2-user/anaconda3/lib/python3.7/site-packages/matplotlib/mpl-data
loaded rc file /home/ec2-user/anaconda3/lib/python3.7/site-packages/matplotlib/mpl-data/matplotlibrc
matplotlib version 3.1.3
interactive is False
platform is linux
loaded modules: ['sys', 'builtins', '_frozen_importlib', '_imp', '_thread', '_warnings', '_weakref', 'zipimport', '_frozen_importlib_external', '_io', 'marshal', 'posix', 'encodings', 'codecs', '_codecs', 'encodings.aliases', 'encodings.utf_8', '_signal', '__main__', 'encodings.latin_1', 'io', 'abc', '_abc', 'site', 'os', 'stat', '_stat', '_collections_abc', 'posixpath', 'genericpath', 'os.path', '_sitebuiltins', '_bootlocale', '_locale', 'types', 'importlib', 'importlib._bootstrap', 'importlib._bootstrap_external', 'warnings', 'importlib.util', 'importlib.abc', 'importlib.machinery', 'contextlib', 'collections', 'operator', '_operator', 'keyword', 'heapq', '_heapq', 'itertools', 'reprlib', '_collections', 'functools', '_functools', 'google', 'mpl_toolkits', 'sphinxcontrib', 'logging', 'time', 'traceback', 'linecache', 'tokenize', 're', 'enum', 'sre_compile', '_sre', 'sre_parse', 'sre_constants', 'copyreg', 'token', 'weakref', '_weakrefset', 'collections.abc', 'string', '_string', 'threading', 'atexit', 'subprocess', 'signal', 'errno', '_posixsubprocess', 'select', 'selectors', 'math', 'cv2', 'numpy', '__future__', 'numpy._globals', 'numpy.__config__', 'numpy.version', 'numpy._distributor_init', 'mkl', 'ctypes', '_ctypes', 'struct', '_struct', 'ctypes._endian', 'mkl._mklinit', 'mkl._py_mkl_service', 'cython_runtime', 'six', 'numpy.core', 'numpy.core.multiarray', 'numpy.core.overrides', 'textwrap', 'datetime', '_datetime', 'numpy.core._multiarray_umath', 'numpy.compat', 'numpy.compat._inspect', 'numpy.compat.py3k', 'pathlib', 'fnmatch', 'ntpath', 'urllib', 'urllib.parse', 'pickle', '_compat_pickle', '_pickle', 'numpy.core.umath', 'numpy.core.numerictypes', 'numbers', 'numpy.core._string_helpers', 'numpy.core._type_aliases', 'numpy.core._dtype', 'numpy.core.numeric', 'numpy.core.shape_base', 'numpy.core._asarray', 'numpy.core.fromnumeric', 'numpy.core._methods', 'numpy.core._exceptions', 'numpy.core._ufunc_config', 'numpy.core.arrayprint', 'numpy.core.defchararray', 'numpy.core.records', 'numpy.core.memmap', 'numpy.core.function_base', 'numpy.core.machar', 'numpy.core.getlimits', 'numpy.core.einsumfunc', 'numpy.core._add_newdocs', 'numpy.core._multiarray_tests', 'numpy.core._dtype_ctypes', 'numpy.core._internal', 'platform', 'numpy._pytesttester', 'numpy.lib', 'numpy.lib.mixins', 'numpy.lib.scimath', 'numpy.lib.type_check', 'numpy.lib.ufunclike', 'numpy.lib.index_tricks', 'numpy.matrixlib', 'numpy.matrixlib.defmatrix', 'ast', '_ast', 'numpy.linalg', 'numpy.linalg.linalg', 'numpy.lib.twodim_base', 'numpy.linalg.lapack_lite', 'numpy.linalg._umath_linalg', 'numpy.lib.function_base', 'numpy.lib.histograms', 'numpy.lib.stride_tricks', 'numpy.lib.nanfunctions', 'numpy.lib.shape_base', 'numpy.lib.polynomial', 'numpy.lib.utils', 'numpy.lib.arraysetops', 'numpy.lib.npyio', 'numpy.lib.format', 'numpy.lib._datasource', 'shutil', 'zlib', 'bz2', '_compression', '_bz2', 'lzma', '_lzma', 'pwd', 'grp', 'numpy.lib._iotools', 'numpy.lib.financial', 'decimal', '_decimal', 'numpy.lib.arrayterator', 'numpy.lib.arraypad', 'numpy.lib._version', 'numpy.fft', 'numpy.fft._pocketfft', 'numpy.fft._pocketfft_internal', 'numpy.fft.helper', 'numpy.polynomial', 'numpy.polynomial.polynomial', 'numpy.polynomial.polyutils', 'numpy.polynomial._polybase', 'numpy.polynomial.chebyshev', 'numpy.polynomial.legendre', 'numpy.polynomial.hermite', 'numpy.polynomial.hermite_e', 'numpy.polynomial.laguerre', 'numpy.random', 'numpy.random._pickle', 'numpy.random.mtrand', 'numpy.random._bit_generator', '_cython_0_29_14', 'numpy.random._common', 'secrets', 'base64', 'binascii', 'hmac', '_hashlib', 'hashlib', '_blake2', '_sha3', 'random', 'bisect', '_bisect', '_random', 'numpy.random._bounded_integers', 'numpy.random._mt19937', 'numpy.random._philox', 'numpy.random._pcg64', 'numpy.random._sfc64', 'numpy.random._generator', 'numpy.ctypeslib', 'numpy.ma', 'numpy.ma.core', 'numpy.ma.extras', 'cv2.Error', 'cv2.cuda', 'cv2.detail', 'cv2.dnn', 'cv2.fisheye', 'cv2.flann', 'cv2.ipp', 'cv2.ml', 'cv2.ocl', 'cv2.ogl', 'cv2.samples', 'cv2.utils', 'cv2.videoio_registry', 'cv2.cv2', 'cv2.data', 'glob', 'matplotlib', 'distutils', 'distutils.version', 'inspect', 'dis', 'opcode', '_opcode', 'locale', 'pprint', 'tempfile', 'matplotlib.cbook', 'gzip', 'matplotlib.cbook.deprecation', 'matplotlib.rcsetup', 'matplotlib.fontconfig_pattern', 'pyparsing', 'copy', 'matplotlib.colors', 'matplotlib._color_data', 'cycler', 'six.moves', 'matplotlib._version', 'json', 'json.decoder', 'json.scanner', '_json', 'json.encoder', 'matplotlib.ft2font', 'dateutil', 'dateutil._version', 'kiwisolver', 'socket', '_socket']
CACHEDIR=/home/ec2-user/.cache/matplotlib
Using fontManager instance from /home/ec2-user/.cache/matplotlib/fontlist-v310.json
Loaded backend qt5agg version unknown.
Loaded backend qt5agg version unknown.
Loaded backend qt4agg version unknown.
Loaded backend tkagg version unknown.
Loaded backend agg version unknown.
Loaded backend agg version unknown.
Requirement already satisfied: pandas in /home/ec2-user/anaconda3/lib/python3.7/site-packages (1.0.5)
Requirement already satisfied: pytz>=2017.2 in /home/ec2-user/anaconda3/lib/python3.7/site-packages (from pandas) (2019.3)
Requirement already satisfied: numpy>=1.13.3 in /home/ec2-user/anaconda3/lib/python3.7/site-packages (from pandas) (1.18.1)
Requirement already satisfied: python-dateutil>=2.6.1 in /home/ec2-user/anaconda3/lib/python3.7/site-packages (from pandas) (2.8.1)
Requirement already satisfied: six>=1.5 in /home/ec2-user/anaconda3/lib/python3.7/site-packages (from python-dateutil>=2.6.1->pandas) (1.14.0)
findfont: Matching :family=sans-serif:style=normal:variant=normal:weight=normal:stretch=normal:size=10.0.
findfont: score(<Font 'STIXSizeTwoSym' (STIXSizTwoSymReg.ttf) normal normal regular normal>) = 10.05
findfont: score(<Font 'DejaVu Sans' (DejaVuSans-BoldOblique.ttf) oblique normal bold normal>) = 1.335
findfont: score(<Font 'STIXGeneral' (STIXGeneralBolIta.ttf) italic normal bold normal>) = 11.335
findfont: score(<Font 'cmmi10' (cmmi10.ttf) normal normal 400 normal>) = 10.05
findfont: score(<Font 'STIXGeneral' (STIXGeneralBol.ttf) normal normal bold normal>) = 10.335
findfont: score(<Font 'DejaVu Serif Display' (DejaVuSerifDisplay.ttf) normal normal 400 normal>) = 10.05
findfont: score(<Font 'DejaVu Serif' (DejaVuSerif-BoldItalic.ttf) italic normal bold normal>) = 11.335
findfont: score(<Font 'STIXNonUnicode' (STIXNonUni.ttf) normal normal regular normal>) = 10.05
findfont: score(<Font 'DejaVu Serif' (DejaVuSerif.ttf) normal normal 400 normal>) = 10.05
findfont: score(<Font 'cmr10' (cmr10.ttf) normal normal 400 normal>) = 10.05
findfont: score(<Font 'STIXGeneral' (STIXGeneralItalic.ttf) italic normal 400 normal>) = 11.05
findfont: score(<Font 'DejaVu Serif' (DejaVuSerif-Italic.ttf) italic normal 400 normal>) = 11.05
findfont: score(<Font 'cmss10' (cmss10.ttf) normal normal 400 normal>) = 10.05
findfont: score(<Font 'STIXGeneral' (STIXGeneral.ttf) normal normal regular normal>) = 10.05
findfont: score(<Font 'DejaVu Sans' (DejaVuSans.ttf) normal normal 400 normal>) = 0.05
findfont: score(<Font 'cmsy10' (cmsy10.ttf) normal normal 400 normal>) = 10.05
findfont: score(<Font 'STIXSizeThreeSym' (STIXSizThreeSymBol.ttf) normal normal bold normal>) = 10.335
findfont: score(<Font 'DejaVu Sans Display' (DejaVuSansDisplay.ttf) normal normal 400 normal>) = 10.05
findfont: score(<Font 'STIXNonUnicode' (STIXNonUniBol.ttf) normal normal bold normal>) = 10.335
findfont: score(<Font 'cmb10' (cmb10.ttf) normal normal 400 normal>) = 10.05
findfont: score(<Font 'DejaVu Sans' (DejaVuSans-Oblique.ttf) oblique normal 400 normal>) = 1.05
findfont: score(<Font 'cmtt10' (cmtt10.ttf) normal normal 400 normal>) = 10.05
findfont: score(<Font 'STIXSizeOneSym' (STIXSizOneSymReg.ttf) normal normal regular normal>) = 10.05
findfont: score(<Font 'STIXSizeFiveSym' (STIXSizFiveSymReg.ttf) normal normal regular normal>) = 10.05
findfont: score(<Font 'STIXNonUnicode' (STIXNonUniIta.ttf) italic normal 400 normal>) = 11.05
findfont: score(<Font 'DejaVu Sans Mono' (DejaVuSansMono-BoldOblique.ttf) oblique normal bold normal>) = 11.335
findfont: score(<Font 'STIXSizeTwoSym' (STIXSizTwoSymBol.ttf) normal normal bold normal>) = 10.335
findfont: score(<Font 'cmex10' (cmex10.ttf) normal normal 400 normal>) = 10.05
findfont: score(<Font 'STIXSizeFourSym' (STIXSizFourSymBol.ttf) normal normal bold normal>) = 10.335
findfont: score(<Font 'DejaVu Sans Mono' (DejaVuSansMono.ttf) normal normal 400 normal>) = 10.05
findfont: score(<Font 'STIXSizeFourSym' (STIXSizFourSymReg.ttf) normal normal regular normal>) = 10.05
findfont: score(<Font 'STIXSizeThreeSym' (STIXSizThreeSymReg.ttf) normal normal regular normal>) = 10.05
findfont: score(<Font 'DejaVu Sans' (DejaVuSans-Bold.ttf) normal normal bold normal>) = 0.33499999999999996
findfont: score(<Font 'DejaVu Sans Mono' (DejaVuSansMono-Bold.ttf) normal normal bold normal>) = 10.335
findfont: score(<Font 'DejaVu Sans Mono' (DejaVuSansMono-Oblique.ttf) oblique normal 400 normal>) = 11.05
findfont: score(<Font 'STIXNonUnicode' (STIXNonUniBolIta.ttf) italic normal bold normal>) = 11.335
findfont: score(<Font 'STIXSizeOneSym' (STIXSizOneSymBol.ttf) normal normal bold normal>) = 10.335
findfont: score(<Font 'DejaVu Serif' (DejaVuSerif-Bold.ttf) normal normal bold normal>) = 10.335
findfont: score(<Font 'DejaVu Sans' (DejaVuSansCondensed-Oblique.ttf) oblique normal 400 condensed>) = 1.25
findfont: score(<Font 'DejaVu Sans' (DejaVuSansCondensed.ttf) normal normal 400 condensed>) = 0.25
findfont: score(<Font 'DejaVu Sans' (DejaVuSansCondensed-Bold.ttf) normal normal bold condensed>) = 0.5349999999999999
findfont: score(<Font 'DejaVu Sans' (DejaVuSansCondensed-BoldOblique.ttf) oblique normal bold condensed>) = 1.535
findfont: score(<Font 'DejaVu Sans' (DejaVuSans-ExtraLight.ttf) normal normal light normal>) = 0.24
findfont: Matching :family=sans-serif:style=normal:variant=normal:weight=normal:stretch=normal:size=10.0 to DejaVu Sans ('/home/ec2-user/anaconda3/lib/python3.7/site-packages/matplotlib/mpl-data/fonts/ttf/DejaVuSans.ttf') with score of 0.050000.
Requirement already satisfied: tensorflow in /home/ec2-user/anaconda3/lib/python3.7/site-packages (2.3.0)
Requirement already satisfied: tensorflow-estimator<2.4.0,>=2.3.0 in /home/ec2-user/anaconda3/lib/python3.7/site-packages (from tensorflow) (2.3.0)
Requirement already satisfied: numpy<1.19.0,>=1.16.0 in /home/ec2-user/anaconda3/lib/python3.7/site-packages (from tensorflow) (1.18.1)
Requirement already satisfied: keras-preprocessing<1.2,>=1.1.1 in /home/ec2-user/anaconda3/lib/python3.7/site-packages (from tensorflow) (1.1.2)
Requirement already satisfied: wrapt>=1.11.1 in /home/ec2-user/anaconda3/lib/python3.7/site-packages (from tensorflow) (1.12.1)
Requirement already satisfied: scipy==1.4.1 in /home/ec2-user/anaconda3/lib/python3.7/site-packages (from tensorflow) (1.4.1)
Requirement already satisfied: opt-einsum>=2.3.2 in /home/ec2-user/anaconda3/lib/python3.7/site-packages (from tensorflow) (3.3.0)
Requirement already satisfied: astunparse==1.6.3 in /home/ec2-user/anaconda3/lib/python3.7/site-packages (from tensorflow) (1.6.3)
Requirement already satisfied: protobuf>=3.9.2 in /home/ec2-user/anaconda3/lib/python3.7/site-packages (from tensorflow) (3.12.4)
Requirement already satisfied: wheel>=0.26 in /home/ec2-user/anaconda3/lib/python3.7/site-packages (from tensorflow) (0.34.2)
Requirement already satisfied: grpcio>=1.8.6 in /home/ec2-user/anaconda3/lib/python3.7/site-packages (from tensorflow) (1.31.0)
Requirement already satisfied: h5py<2.11.0,>=2.10.0 in /home/ec2-user/anaconda3/lib/python3.7/site-packages (from tensorflow) (2.10.0)
Requirement already satisfied: tensorboard<3,>=2.3.0 in /home/ec2-user/anaconda3/lib/python3.7/site-packages (from tensorflow) (2.3.0)
Requirement already satisfied: gast==0.3.3 in /home/ec2-user/anaconda3/lib/python3.7/site-packages (from tensorflow) (0.3.3)
Requirement already satisfied: google-pasta>=0.1.8 in /home/ec2-user/anaconda3/lib/python3.7/site-packages (from tensorflow) (0.2.0)
Requirement already satisfied: six>=1.12.0 in /home/ec2-user/anaconda3/lib/python3.7/site-packages (from tensorflow) (1.14.0)
Requirement already satisfied: absl-py>=0.7.0 in /home/ec2-user/anaconda3/lib/python3.7/site-packages (from tensorflow) (0.9.0)
Requirement already satisfied: termcolor>=1.1.0 in /home/ec2-user/anaconda3/lib/python3.7/site-packages (from tensorflow) (1.1.0)
Requirement already satisfied: setuptools in /home/ec2-user/anaconda3/lib/python3.7/site-packages (from protobuf>=3.9.2->tensorflow) (46.1.3.post20200330)
Requirement already satisfied: google-auth<2,>=1.6.3 in /home/ec2-user/anaconda3/lib/python3.7/site-packages (from tensorboard<3,>=2.3.0->tensorflow) (1.20.1)
Requirement already satisfied: markdown>=2.6.8 in /home/ec2-user/anaconda3/lib/python3.7/site-packages (from tensorboard<3,>=2.3.0->tensorflow) (3.2.2)
Requirement already satisfied: tensorboard-plugin-wit>=1.6.0 in /home/ec2-user/anaconda3/lib/python3.7/site-packages (from tensorboard<3,>=2.3.0->tensorflow) (1.7.0)
Requirement already satisfied: werkzeug>=0.11.15 in /home/ec2-user/anaconda3/lib/python3.7/site-packages (from tensorboard<3,>=2.3.0->tensorflow) (1.0.1)
Requirement already satisfied: google-auth-oauthlib<0.5,>=0.4.1 in /home/ec2-user/anaconda3/lib/python3.7/site-packages (from tensorboard<3,>=2.3.0->tensorflow) (0.4.1)
Requirement already satisfied: requests<3,>=2.21.0 in /home/ec2-user/anaconda3/lib/python3.7/site-packages (from tensorboard<3,>=2.3.0->tensorflow) (2.23.0)
Requirement already satisfied: pyasn1-modules>=0.2.1 in /home/ec2-user/anaconda3/lib/python3.7/site-packages (from google-auth<2,>=1.6.3->tensorboard<3,>=2.3.0->tensorflow) (0.2.8)
Requirement already satisfied: rsa<5,>=3.1.4; python_version >= "3.5" in /home/ec2-user/anaconda3/lib/python3.7/site-packages (from google-auth<2,>=1.6.3->tensorboard<3,>=2.3.0->tensorflow) (4.6)
Requirement already satisfied: cachetools<5.0,>=2.0.0 in /home/ec2-user/anaconda3/lib/python3.7/site-packages (from google-auth<2,>=1.6.3->tensorboard<3,>=2.3.0->tensorflow) (4.1.1)
Requirement already satisfied: importlib-metadata; python_version < "3.8" in /home/ec2-user/anaconda3/lib/python3.7/site-packages (from markdown>=2.6.8->tensorboard<3,>=2.3.0->tensorflow) (1.5.0)
Requirement already satisfied: requests-oauthlib>=0.7.0 in /home/ec2-user/anaconda3/lib/python3.7/site-packages (from google-auth-oauthlib<0.5,>=0.4.1->tensorboard<3,>=2.3.0->tensorflow) (1.3.0)
Requirement already satisfied: idna<3,>=2.5 in /home/ec2-user/anaconda3/lib/python3.7/site-packages (from requests<3,>=2.21.0->tensorboard<3,>=2.3.0->tensorflow) (2.9)
Requirement already satisfied: urllib3!=1.25.0,!=1.25.1,<1.26,>=1.21.1 in /home/ec2-user/anaconda3/lib/python3.7/site-packages (from requests<3,>=2.21.0->tensorboard<3,>=2.3.0->tensorflow) (1.25.8)
Requirement already satisfied: certifi>=2017.4.17 in /home/ec2-user/anaconda3/lib/python3.7/site-packages (from requests<3,>=2.21.0->tensorboard<3,>=2.3.0->tensorflow) (2020.6.20)
Requirement already satisfied: chardet<4,>=3.0.2 in /home/ec2-user/anaconda3/lib/python3.7/site-packages (from requests<3,>=2.21.0->tensorboard<3,>=2.3.0->tensorflow) (3.0.4)
Requirement already satisfied: pyasn1<0.5.0,>=0.4.6 in /home/ec2-user/anaconda3/lib/python3.7/site-packages (from pyasn1-modules>=0.2.1->google-auth<2,>=1.6.3->tensorboard<3,>=2.3.0->tensorflow) (0.4.8)
Requirement already satisfied: zipp>=0.5 in /home/ec2-user/anaconda3/lib/python3.7/site-packages (from importlib-metadata; python_version < "3.8"->markdown>=2.6.8->tensorboard<3,>=2.3.0->tensorflow) (2.2.0)
Requirement already satisfied: oauthlib>=3.0.0 in /home/ec2-user/anaconda3/lib/python3.7/site-packages (from requests-oauthlib>=0.7.0->google-auth-oauthlib<0.5,>=0.4.1->tensorboard<3,>=2.3.0->tensorflow) (3.1.0)
Requirement already satisfied: keras in /home/ec2-user/anaconda3/lib/python3.7/site-packages (2.4.3)
Requirement already satisfied: numpy>=1.9.1 in /home/ec2-user/anaconda3/lib/python3.7/site-packages (from keras) (1.18.1)
Requirement already satisfied: scipy>=0.14 in /home/ec2-user/anaconda3/lib/python3.7/site-packages (from keras) (1.4.1)
Requirement already satisfied: pyyaml in /home/ec2-user/anaconda3/lib/python3.7/site-packages (from keras) (5.3.1)
Requirement already satisfied: h5py in /home/ec2-user/anaconda3/lib/python3.7/site-packages (from keras) (2.10.0)
Requirement already satisfied: six in /home/ec2-user/anaconda3/lib/python3.7/site-packages (from h5py->keras) (1.14.0)
2020-08-09 22:13:59.884094: I tensorflow/stream_executor/platform/default/dso_loader.cc:48] Successfully opened dynamic library libcudart.so.10.1
Falling back to TensorFlow client; we recommended you install the Cloud TPU client directly with pip install cloud-tpu-client.
Requirement already satisfied: scikit-learn in /home/ec2-user/anaconda3/lib/python3.7/site-packages (0.23.1)
Requirement already satisfied: numpy>=1.13.3 in /home/ec2-user/anaconda3/lib/python3.7/site-packages (from scikit-learn) (1.18.1)
Requirement already satisfied: threadpoolctl>=2.0.0 in /home/ec2-user/anaconda3/lib/python3.7/site-packages (from scikit-learn) (2.1.0)
Requirement already satisfied: scipy>=0.19.1 in /home/ec2-user/anaconda3/lib/python3.7/site-packages (from scikit-learn) (1.4.1)
Requirement already satisfied: joblib>=0.11 in /home/ec2-user/anaconda3/lib/python3.7/site-packages (from scikit-learn) (0.14.1)
Classes: ['Black-grass' 'Charlock' 'Cleavers' 'Common Chickweed' 'Common wheat'
 'Fat Hen' 'Loose Silky-bent' 'Maize' 'Scentless Mayweed'
 'Shepherds Purse' 'Small-flowered Cranesbill' 'Sugar beet']
Number of classes: 12
2020-08-09 22:14:03.844840: I tensorflow/stream_executor/platform/default/dso_loader.cc:48] Successfully opened dynamic library libcuda.so.1
2020-08-09 22:14:03.871154: E tensorflow/stream_executor/cuda/cuda_driver.cc:314] failed call to cuInit: CUDA_ERROR_NO_DEVICE: no CUDA-capable device is detected
2020-08-09 22:14:03.871224: I tensorflow/stream_executor/cuda/cuda_diagnostics.cc:156] kernel driver does not appear to be running on this host (ip-172-31-10-109.us-west-2.compute.internal): /proc/driver/nvidia/version does not exist
2020-08-09 22:14:03.871830: I tensorflow/core/platform/cpu_feature_guard.cc:142] This TensorFlow binary is optimized with oneAPI Deep Neural Network Library (oneDNN)to use the following CPU instructions in performance-critical operations:  AVX2 FMA
To enable them in other operations, rebuild TensorFlow with the appropriate compiler flags.
2020-08-09 22:14:03.880758: I tensorflow/core/platform/profile_utils/cpu_utils.cc:104] CPU Frequency: 2300035000 Hz
2020-08-09 22:14:03.881614: I tensorflow/compiler/xla/service/service.cc:168] XLA service 0x5598ef432b10 initialized for platform Host (this does not guarantee that XLA will be used). Devices:
2020-08-09 22:14:03.881654: I tensorflow/compiler/xla/service/service.cc:176]   StreamExecutor device (0): Host, Default Version
Model: "sequential"
_________________________________________________________________
Layer (type)                 Output Shape              Param #
=================================================================
conv2d (Conv2D)              (None, 66, 66, 64)        4864
_________________________________________________________________
batch_normalization (BatchNo (None, 66, 66, 64)        256
_________________________________________________________________
conv2d_1 (Conv2D)            (None, 62, 62, 64)        102464
_________________________________________________________________
max_pooling2d (MaxPooling2D) (None, 31, 31, 64)        0
_________________________________________________________________
batch_normalization_1 (Batch (None, 31, 31, 64)        256
_________________________________________________________________
dropout (Dropout)            (None, 31, 31, 64)        0
_________________________________________________________________
conv2d_2 (Conv2D)            (None, 27, 27, 128)       204928
_________________________________________________________________
batch_normalization_2 (Batch (None, 27, 27, 128)       512
_________________________________________________________________
conv2d_3 (Conv2D)            (None, 23, 23, 128)       409728
_________________________________________________________________
max_pooling2d_1 (MaxPooling2 (None, 11, 11, 128)       0
_________________________________________________________________
batch_normalization_3 (Batch (None, 11, 11, 128)       512
_________________________________________________________________
dropout_1 (Dropout)          (None, 11, 11, 128)       0
_________________________________________________________________
conv2d_4 (Conv2D)            (None, 7, 7, 256)         819456
_________________________________________________________________
batch_normalization_4 (Batch (None, 7, 7, 256)         1024
_________________________________________________________________
conv2d_5 (Conv2D)            (None, 3, 3, 256)         1638656
_________________________________________________________________
max_pooling2d_2 (MaxPooling2 (None, 1, 1, 256)         0
_________________________________________________________________
batch_normalization_5 (Batch (None, 1, 1, 256)         1024
_________________________________________________________________
dropout_2 (Dropout)          (None, 1, 1, 256)         0
_________________________________________________________________
flatten (Flatten)            (None, 256)               0
_________________________________________________________________
dense (Dense)                (None, 256)               65792
_________________________________________________________________
batch_normalization_6 (Batch (None, 256)               1024
_________________________________________________________________
dropout_3 (Dropout)          (None, 256)               0
_________________________________________________________________
dense_1 (Dense)              (None, 256)               65792
_________________________________________________________________
batch_normalization_7 (Batch (None, 256)               1024
_________________________________________________________________
dropout_4 (Dropout)          (None, 256)               0
_________________________________________________________________
dense_2 (Dense)              (None, 12)                3084
=================================================================
Total params: 3,320,396
Trainable params: 3,317,580
Non-trainable params: 2,816
_________________________________________________________________
===== ModelCheckpoint Begins =====
===== trainX.shape[0] =====4275
From CNN_20200809_Original.py:345: Model.fit_generator (from tensorflow.python.keras.engine.training) is deprecated and will be removed in a future version.
Instructions for updating:
Please use Model.fit, which supports generators.
Epoch 1/35
428/427 [==============================] - ETA: 0s - loss: 2.6472 - accuracy: 0.2482
Epoch 00001: val_accuracy improved from -inf to 0.20632, saving model to /home/ec2-user/Keras_Ex/NN/Assignment_CNN_Group/Saved_Models/Saved/Original/weights.best_01-0.21.hdf5

428/427 [==============================] - 128s 300ms/step - loss: 2.6472 - accuracy: 0.2482 - val_loss: 2.7720 - val_accuracy: 0.2063
Epoch 2/35
428/427 [==============================] - ETA: 0s - loss: 2.0632 - accuracy: 0.3343
Epoch 00002: val_accuracy improved from 0.20632 to 0.44842, saving model to /home/ec2-user/Keras_Ex/NN/Assignment_CNN_Group/Saved_Models/Saved/Original/weights.best_02-0.45.hdf5

428/427 [==============================] - 177s 413ms/step - loss: 2.0632 - accuracy: 0.3343 - val_loss: 1.5892 - val_accuracy: 0.4484
Epoch 3/35
428/427 [==============================] - ETA: 0s - loss: 1.8265 - accuracy: 0.3911
Epoch 00003: val_accuracy improved from 0.44842 to 0.48211, saving model to /home/ec2-user/Keras_Ex/NN/Assignment_CNN_Group/Saved_Models/Saved/Original/weights.best_03-0.48.hdf5

428/427 [==============================] - 176s 411ms/step - loss: 1.8265 - accuracy: 0.3911 - val_loss: 1.5368 - val_accuracy: 0.4821
Epoch 4/35
428/427 [==============================] - ETA: 0s - loss: 1.6605 - accuracy: 0.4391
Epoch 00004: val_accuracy improved from 0.48211 to 0.51158, saving model to /home/ec2-user/Keras_Ex/NN/Assignment_CNN_Group/Saved_Models/Saved/Original/weights.best_04-0.51.hdf5

428/427 [==============================] - 176s 411ms/step - loss: 1.6605 - accuracy: 0.4391 - val_loss: 1.6833 - val_accuracy: 0.5116
Epoch 5/35
428/427 [==============================] - ETA: 0s - loss: 1.5554 - accuracy: 0.4620
Epoch 00005: val_accuracy improved from 0.51158 to 0.56421, saving model to /home/ec2-user/Keras_Ex/NN/Assignment_CNN_Group/Saved_Models/Saved/Original/weights.best_05-0.56.hdf5

428/427 [==============================] - 176s 411ms/step - loss: 1.5554 - accuracy: 0.4620 - val_loss: 1.2143 - val_accuracy: 0.5642
Epoch 6/35
428/427 [==============================] - ETA: 0s - loss: 1.4138 - accuracy: 0.5244
Epoch 00006: val_accuracy did not improve from 0.56421

428/427 [==============================] - 177s 412ms/step - loss: 1.4138 - accuracy: 0.5244 - val_loss: 1.4599 - val_accuracy: 0.4737
Epoch 7/35
428/427 [==============================] - ETA: 0s - loss: 1.3541 - accuracy: 0.5366
Epoch 00007: val_accuracy improved from 0.56421 to 0.64000, saving model to /home/ec2-user/Keras_Ex/NN/Assignment_CNN_Group/Saved_Models/Saved/Original/weights.best_07-0.64.hdf5

428/427 [==============================] - 177s 412ms/step - loss: 1.3541 - accuracy: 0.5366 - val_loss: 1.0346 - val_accuracy: 0.6400
Epoch 8/35
428/427 [==============================] - ETA: 0s - loss: 1.2772 - accuracy: 0.5710
Epoch 00008: val_accuracy did not improve from 0.64000

428/427 [==============================] - 177s 413ms/step - loss: 1.2772 - accuracy: 0.5710 - val_loss: 1.3507 - val_accuracy: 0.5600
Epoch 9/35
428/427 [==============================] - ETA: 0s - loss: 1.2257 - accuracy: 0.5878
Epoch 00009: val_accuracy improved from 0.64000 to 0.73684, saving model to /home/ec2-user/Keras_Ex/NN/Assignment_CNN_Group/Saved_Models/Saved/Original/weights.best_09-0.74.hdf5

428/427 [==============================] - 176s 412ms/step - loss: 1.2257 - accuracy: 0.5878 - val_loss: 0.8118 - val_accuracy: 0.7368
Epoch 10/35
428/427 [==============================] - ETA: 0s - loss: 1.1718 - accuracy: 0.6119
Epoch 00010: val_accuracy improved from 0.73684 to 0.75158, saving model to /home/ec2-user/Keras_Ex/NN/Assignment_CNN_Group/Saved_Models/Saved/Original/weights.best_10-0.75.hdf5

428/427 [==============================] - 177s 414ms/step - loss: 1.1718 - accuracy: 0.6119 - val_loss: 0.7717 - val_accuracy: 0.7516
Epoch 11/35
428/427 [==============================] - ETA: 0s - loss: 1.1068 - accuracy: 0.6299
Epoch 00011: val_accuracy did not improve from 0.75158

428/427 [==============================] - 177s 414ms/step - loss: 1.1068 - accuracy: 0.6299 - val_loss: 0.8979 - val_accuracy: 0.6926
Epoch 12/35
428/427 [==============================] - ETA: 0s - loss: 1.0601 - accuracy: 0.6526
Epoch 00012: val_accuracy did not improve from 0.75158

428/427 [==============================] - 177s 413ms/step - loss: 1.0601 - accuracy: 0.6526 - val_loss: 0.9483 - val_accuracy: 0.6737
Epoch 13/35
428/427 [==============================] - ETA: 0s - loss: 1.0512 - accuracy: 0.6536
Epoch 00013: val_accuracy improved from 0.75158 to 0.76842, saving model to /home/ec2-user/Keras_Ex/NN/Assignment_CNN_Group/Saved_Models/Saved/Original/weights.best_13-0.77.hdf5

428/427 [==============================] - 177s 413ms/step - loss: 1.0512 - accuracy: 0.6536 - val_loss: 0.7408 - val_accuracy: 0.7684
Epoch 14/35
428/427 [==============================] - ETA: 0s - loss: 1.0083 - accuracy: 0.6685
Epoch 00014: val_accuracy did not improve from 0.76842

428/427 [==============================] - 178s 415ms/step - loss: 1.0083 - accuracy: 0.6685 - val_loss: 0.7693 - val_accuracy: 0.7368
Epoch 15/35
428/427 [==============================] - ETA: 0s - loss: 0.9616 - accuracy: 0.6816
Epoch 00015: val_accuracy did not improve from 0.76842

428/427 [==============================] - 178s 416ms/step - loss: 0.9616 - accuracy: 0.6816 - val_loss: 0.8766 - val_accuracy: 0.6821
Epoch 16/35
428/427 [==============================] - ETA: 0s - loss: 0.8986 - accuracy: 0.7076
Epoch 00016: val_accuracy did not improve from 0.76842

Epoch 00016: ReduceLROnPlateau reducing learning rate to 0.0004000000189989805.

428/427 [==============================] - 178s 416ms/step - loss: 0.8986 - accuracy: 0.7076 - val_loss: 0.7610 - val_accuracy: 0.7600
Epoch 17/35
428/427 [==============================] - ETA: 0s - loss: 0.7777 - accuracy: 0.7474
Epoch 00017: val_accuracy improved from 0.76842 to 0.85263, saving model to /home/ec2-user/Keras_Ex/NN/Assignment_CNN_Group/Saved_Models/Saved/Original/weights.best_17-0.85.hdf5

428/427 [==============================] - 178s 415ms/step - loss: 0.7777 - accuracy: 0.7474 - val_loss: 0.5184 - val_accuracy: 0.8526
Epoch 18/35
428/427 [==============================] - ETA: 0s - loss: 0.7663 - accuracy: 0.7432
Epoch 00018: val_accuracy did not improve from 0.85263

428/427 [==============================] - 178s 415ms/step - loss: 0.7663 - accuracy: 0.7432 - val_loss: 0.4991 - val_accuracy: 0.8442
Epoch 19/35
428/427 [==============================] - ETA: 0s - loss: 0.6875 - accuracy: 0.7715
Epoch 00019: val_accuracy improved from 0.85263 to 0.85474, saving model to /home/ec2-user/Keras_Ex/NN/Assignment_CNN_Group/Saved_Models/Saved/Original/weights.best_19-0.85.hdf5

428/427 [==============================] - 178s 416ms/step - loss: 0.6875 - accuracy: 0.7715 - val_loss: 0.4613 - val_accuracy: 0.8547
Epoch 20/35
428/427 [==============================] - ETA: 0s - loss: 0.6882 - accuracy: 0.7724
Epoch 00020: val_accuracy did not improve from 0.85474

428/427 [==============================] - 178s 416ms/step - loss: 0.6882 - accuracy: 0.7724 - val_loss: 0.6266 - val_accuracy: 0.8021
Epoch 21/35
428/427 [==============================] - ETA: 0s - loss: 0.6940 - accuracy: 0.7775
Epoch 00021: val_accuracy did not improve from 0.85474

428/427 [==============================] - 177s 414ms/step - loss: 0.6940 - accuracy: 0.7775 - val_loss: 0.4883 - val_accuracy: 0.8358
Epoch 22/35
428/427 [==============================] - ETA: 0s - loss: 0.6413 - accuracy: 0.7909
Epoch 00022: val_accuracy did not improve from 0.85474

Epoch 00022: ReduceLROnPlateau reducing learning rate to 0.00016000000759959222.

428/427 [==============================] - 178s 417ms/step - loss: 0.6413 - accuracy: 0.7909 - val_loss: 0.4480 - val_accuracy: 0.8421
Epoch 23/35
428/427 [==============================] - ETA: 0s - loss: 0.5814 - accuracy: 0.8065
Epoch 00023: val_accuracy improved from 0.85474 to 0.88421, saving model to /home/ec2-user/Keras_Ex/NN/Assignment_CNN_Group/Saved_Models/Saved/Original/weights.best_23-0.88.hdf5

428/427 [==============================] - 177s 414ms/step - loss: 0.5814 - accuracy: 0.8065 - val_loss: 0.3796 - val_accuracy: 0.8842
Epoch 24/35
428/427 [==============================] - ETA: 0s - loss: 0.5862 - accuracy: 0.8021
Epoch 00024: val_accuracy improved from 0.88421 to 0.89263, saving model to /home/ec2-user/Keras_Ex/NN/Assignment_CNN_Group/Saved_Models/Saved/Original/weights.best_24-0.89.hdf5

428/427 [==============================] - 178s 415ms/step - loss: 0.5862 - accuracy: 0.8021 - val_loss: 0.3513 - val_accuracy: 0.8926
Epoch 25/35
428/427 [==============================] - ETA: 0s - loss: 0.5656 - accuracy: 0.8143
Epoch 00025: val_accuracy did not improve from 0.89263

428/427 [==============================] - 178s 416ms/step - loss: 0.5656 - accuracy: 0.8143 - val_loss: 0.3686 - val_accuracy: 0.8863
Epoch 26/35
428/427 [==============================] - ETA: 0s - loss: 0.5171 - accuracy: 0.8260
Epoch 00026: val_accuracy improved from 0.89263 to 0.89684, saving model to /home/ec2-user/Keras_Ex/NN/Assignment_CNN_Group/Saved_Models/Saved/Original/weights.best_26-0.90.hdf5

428/427 [==============================] - 177s 414ms/step - loss: 0.5171 - accuracy: 0.8260 - val_loss: 0.3392 - val_accuracy: 0.8968
Epoch 27/35
428/427 [==============================] - ETA: 0s - loss: 0.5442 - accuracy: 0.8232
Epoch 00027: val_accuracy improved from 0.89684 to 0.89895, saving model to /home/ec2-user/Keras_Ex/NN/Assignment_CNN_Group/Saved_Models/Saved/Original/weights.best_27-0.90.hdf5

428/427 [==============================] - 178s 417ms/step - loss: 0.5442 - accuracy: 0.8232 - val_loss: 0.3435 - val_accuracy: 0.8989
Epoch 28/35
428/427 [==============================] - ETA: 0s - loss: 0.5186 - accuracy: 0.8260
Epoch 00028: val_accuracy improved from 0.89895 to 0.90526, saving model to /home/ec2-user/Keras_Ex/NN/Assignment_CNN_Group/Saved_Models/Saved/Original/weights.best_28-0.91.hdf5

428/427 [==============================] - 177s 413ms/step - loss: 0.5186 - accuracy: 0.8260 - val_loss: 0.3504 - val_accuracy: 0.9053
Epoch 29/35
428/427 [==============================] - ETA: 0s - loss: 0.5049 - accuracy: 0.8309
Epoch 00029: val_accuracy did not improve from 0.90526

428/427 [==============================] - 175s 410ms/step - loss: 0.5049 - accuracy: 0.8309 - val_loss: 0.3588 - val_accuracy: 0.9011
Epoch 30/35
428/427 [==============================] - ETA: 0s - loss: 0.5102 - accuracy: 0.8339
Epoch 00030: val_accuracy did not improve from 0.90526

428/427 [==============================] - 177s 414ms/step - loss: 0.5102 - accuracy: 0.8339 - val_loss: 0.3310 - val_accuracy: 0.9032
Epoch 31/35
428/427 [==============================] - ETA: 0s - loss: 0.5030 - accuracy: 0.8353
Epoch 00031: val_accuracy did not improve from 0.90526

Epoch 00031: ReduceLROnPlateau reducing learning rate to 6.40000042039901e-05.

428/427 [==============================] - 177s 413ms/step - loss: 0.5030 - accuracy: 0.8353 - val_loss: 0.3345 - val_accuracy: 0.8947
Epoch 32/35
428/427 [==============================] - ETA: 0s - loss: 0.4660 - accuracy: 0.8454
Epoch 00032: val_accuracy improved from 0.90526 to 0.91789, saving model to /home/ec2-user/Keras_Ex/NN/Assignment_CNN_Group/Saved_Models/Saved/Original/weights.best_32-0.92.hdf5

428/427 [==============================] - 369s 863ms/step - loss: 0.4660 - accuracy: 0.8454 - val_loss: 0.2847 - val_accuracy: 0.9179
Epoch 33/35
428/427 [==============================] - ETA: 0s - loss: 0.4830 - accuracy: 0.8342
Epoch 00033: val_accuracy did not improve from 0.91789

428/427 [==============================] - 715s 2s/step - loss: 0.4830 - accuracy: 0.8342 - val_loss: 0.2816 - val_accuracy: 0.9179
Epoch 34/35
428/427 [==============================] - ETA: 0s - loss: 0.4511 - accuracy: 0.8473
Epoch 00034: val_accuracy did not improve from 0.91789

428/427 [==============================] - 714s 2s/step - loss: 0.4511 - accuracy: 0.8473 - val_loss: 0.2865 - val_accuracy: 0.9116
Epoch 35/35
428/427 [==============================] - ETA: 0s - loss: 0.4606 - accuracy: 0.8442
Epoch 00035: val_accuracy did not improve from 0.91789

Epoch 00035: ReduceLROnPlateau reducing learning rate to 2.560000284574926e-05.

428/427 [==============================] - 622s 1s/step - loss: 0.4606 - accuracy: 0.8442 - val_loss: 0.2916 - val_accuracy: 0.9179
===== ModelCheckpoint Ends =====
===== load_weights Begins =====
Traceback (most recent call last):
  File "CNN_20200809_Original.py", line 373, in <module>
    ax.savefig('Training_and_Validation_Loss_ax.png')  # Save image
AttributeError: 'numpy.ndarray' object has no attribute 'savefig'
[ec2-user@ip-172-31-10-109 Original]$
