[ec2-user@ip-172-31-10-109 VGG19]$
[ec2-user@ip-172-31-10-109 VGG19]$
[ec2-user@ip-172-31-10-109 VGG19]$
[ec2-user@ip-172-31-10-109 VGG19]$
[ec2-user@ip-172-31-10-109 VGG19]$
[ec2-user@ip-172-31-10-109 VGG19]$
[ec2-user@ip-172-31-10-109 VGG19]$
[ec2-user@ip-172-31-10-109 VGG19]$
[ec2-user@ip-172-31-10-109 VGG19]$
[ec2-user@ip-172-31-10-109 VGG19]$
[ec2-user@ip-172-31-10-109 VGG19]$
[ec2-user@ip-172-31-10-109 VGG19]$
[ec2-user@ip-172-31-10-109 VGG19]$
[ec2-user@ip-172-31-10-109 VGG19]$
[ec2-user@ip-172-31-10-109 VGG19]$
[ec2-user@ip-172-31-10-109 VGG19]$
[ec2-user@ip-172-31-10-109 VGG19]$
[ec2-user@ip-172-31-10-109 VGG19]$
[ec2-user@ip-172-31-10-109 VGG19]$
[ec2-user@ip-172-31-10-109 VGG19]$
[ec2-user@ip-172-31-10-109 VGG19]$
[ec2-user@ip-172-31-10-109 VGG19]$
[ec2-user@ip-172-31-10-109 VGG19]$
[ec2-user@ip-172-31-10-109 VGG19]$
[ec2-user@ip-172-31-10-109 VGG19]$
[ec2-user@ip-172-31-10-109 VGG19]$
[ec2-user@ip-172-31-10-109 VGG19]$
[ec2-user@ip-172-31-10-109 VGG19]$
[ec2-user@ip-172-31-10-109 VGG19]$
[ec2-user@ip-172-31-10-109 VGG19]$
[ec2-user@ip-172-31-10-109 VGG19]$
[ec2-user@ip-172-31-10-109 VGG19]$
[ec2-user@ip-172-31-10-109 VGG19]$
[ec2-user@ip-172-31-10-109 VGG19]$
[ec2-user@ip-172-31-10-109 VGG19]$
[ec2-user@ip-172-31-10-109 VGG19]$
[ec2-user@ip-172-31-10-109 VGG19]$
[ec2-user@ip-172-31-10-109 VGG19]$
[ec2-user@ip-172-31-10-109 VGG19]$
[ec2-user@ip-172-31-10-109 VGG19]$
[ec2-user@ip-172-31-10-109 VGG19]$
[ec2-user@ip-172-31-10-109 VGG19]$
[ec2-user@ip-172-31-10-109 VGG19]$
[ec2-user@ip-172-31-10-109 VGG19]$ python CNN_20200809_VGG19.py
Requirement already satisfied: opencv-python in /home/ec2-user/anaconda3/lib/python3.7/site-packages (4.3.0.36)
Requirement already satisfied: numpy>=1.14.5 in /home/ec2-user/anaconda3/lib/python3.7/site-packages (from opencv-python) (1.18.1)
Requirement already satisfied: numpy in /home/ec2-user/anaconda3/lib/python3.7/site-packages (1.18.1)
Requirement already satisfied: matplotlib in /home/ec2-user/anaconda3/lib/python3.7/site-packages (3.1.3)
Requirement already satisfied: cycler>=0.10 in /home/ec2-user/anaconda3/lib/python3.7/site-packages (from matplotlib) (0.10.0)
Requirement already satisfied: kiwisolver>=1.0.1 in /home/ec2-user/anaconda3/lib/python3.7/site-packages (from matplotlib) (1.1.0)
Requirement already satisfied: pyparsing!=2.0.4,!=2.1.2,!=2.1.6,>=2.0.1 in /home/ec2-user/anaconda3/lib/python3.7/site-packages (from matplotlib) (2.4.6)
Requirement already satisfied: python-dateutil>=2.1 in /home/ec2-user/anaconda3/lib/python3.7/site-packages (from matplotlib) (2.8.1)
Requirement already satisfied: numpy>=1.11 in /home/ec2-user/anaconda3/lib/python3.7/site-packages (from matplotlib) (1.18.1)
Requirement already satisfied: six in /home/ec2-user/anaconda3/lib/python3.7/site-packages (from cycler>=0.10->matplotlib) (1.14.0)
Requirement already satisfied: setuptools in /home/ec2-user/anaconda3/lib/python3.7/site-packages (from kiwisolver>=1.0.1->matplotlib) (46.1.3.post20200330)
$HOME=/home/ec2-user
CONFIGDIR=/home/ec2-user/.config/matplotlib
matplotlib data path: /home/ec2-user/anaconda3/lib/python3.7/site-packages/matplotlib/mpl-data
loaded rc file /home/ec2-user/anaconda3/lib/python3.7/site-packages/matplotlib/mpl-data/matplotlibrc
matplotlib version 3.1.3
interactive is False
platform is linux
loaded modules: ['sys', 'builtins', '_frozen_importlib', '_imp', '_thread', '_warnings', '_weakref', 'zipimport', '_frozen_importlib_external', '_io', 'marshal', 'posix', 'encodings', 'codecs', '_codecs', 'encodings.aliases', 'encodings.utf_8', '_signal', '__main__', 'encodings.latin_1', 'io', 'abc', '_abc', 'site', 'os', 'stat', '_stat', '_collections_abc', 'posixpath', 'genericpath', 'os.path', '_sitebuiltins', '_bootlocale', '_locale', 'types', 'importlib', 'importlib._bootstrap', 'importlib._bootstrap_external', 'warnings', 'importlib.util', 'importlib.abc', 'importlib.machinery', 'contextlib', 'collections', 'operator', '_operator', 'keyword', 'heapq', '_heapq', 'itertools', 'reprlib', '_collections', 'functools', '_functools', 'google', 'mpl_toolkits', 'sphinxcontrib', 'logging', 'time', 'traceback', 'linecache', 'tokenize', 're', 'enum', 'sre_compile', '_sre', 'sre_parse', 'sre_constants', 'copyreg', 'token', 'weakref', '_weakrefset', 'collections.abc', 'string', '_string', 'threading', 'atexit', 'subprocess', 'signal', 'errno', '_posixsubprocess', 'select', 'selectors', 'math', 'cv2', 'numpy', '__future__', 'numpy._globals', 'numpy.__config__', 'numpy.version', 'numpy._distributor_init', 'mkl', 'ctypes', '_ctypes', 'struct', '_struct', 'ctypes._endian', 'mkl._mklinit', 'mkl._py_mkl_service', 'cython_runtime', 'six', 'numpy.core', 'numpy.core.multiarray', 'numpy.core.overrides', 'textwrap', 'datetime', '_datetime', 'numpy.core._multiarray_umath', 'numpy.compat', 'numpy.compat._inspect', 'numpy.compat.py3k', 'pathlib', 'fnmatch', 'ntpath', 'urllib', 'urllib.parse', 'pickle', '_compat_pickle', '_pickle', 'numpy.core.umath', 'numpy.core.numerictypes', 'numbers', 'numpy.core._string_helpers', 'numpy.core._type_aliases', 'numpy.core._dtype', 'numpy.core.numeric', 'numpy.core.shape_base', 'numpy.core._asarray', 'numpy.core.fromnumeric', 'numpy.core._methods', 'numpy.core._exceptions', 'numpy.core._ufunc_config', 'numpy.core.arrayprint', 'numpy.core.defchararray', 'numpy.core.records', 'numpy.core.memmap', 'numpy.core.function_base', 'numpy.core.machar', 'numpy.core.getlimits', 'numpy.core.einsumfunc', 'numpy.core._add_newdocs', 'numpy.core._multiarray_tests', 'numpy.core._dtype_ctypes', 'numpy.core._internal', 'platform', 'numpy._pytesttester', 'numpy.lib', 'numpy.lib.mixins', 'numpy.lib.scimath', 'numpy.lib.type_check', 'numpy.lib.ufunclike', 'numpy.lib.index_tricks', 'numpy.matrixlib', 'numpy.matrixlib.defmatrix', 'ast', '_ast', 'numpy.linalg', 'numpy.linalg.linalg', 'numpy.lib.twodim_base', 'numpy.linalg.lapack_lite', 'numpy.linalg._umath_linalg', 'numpy.lib.function_base', 'numpy.lib.histograms', 'numpy.lib.stride_tricks', 'numpy.lib.nanfunctions', 'numpy.lib.shape_base', 'numpy.lib.polynomial', 'numpy.lib.utils', 'numpy.lib.arraysetops', 'numpy.lib.npyio', 'numpy.lib.format', 'numpy.lib._datasource', 'shutil', 'zlib', 'bz2', '_compression', '_bz2', 'lzma', '_lzma', 'pwd', 'grp', 'numpy.lib._iotools', 'numpy.lib.financial', 'decimal', '_decimal', 'numpy.lib.arrayterator', 'numpy.lib.arraypad', 'numpy.lib._version', 'numpy.fft', 'numpy.fft._pocketfft', 'numpy.fft._pocketfft_internal', 'numpy.fft.helper', 'numpy.polynomial', 'numpy.polynomial.polynomial', 'numpy.polynomial.polyutils', 'numpy.polynomial._polybase', 'numpy.polynomial.chebyshev', 'numpy.polynomial.legendre', 'numpy.polynomial.hermite', 'numpy.polynomial.hermite_e', 'numpy.polynomial.laguerre', 'numpy.random', 'numpy.random._pickle', 'numpy.random.mtrand', 'numpy.random._bit_generator', '_cython_0_29_14', 'numpy.random._common', 'secrets', 'base64', 'binascii', 'hmac', '_hashlib', 'hashlib', '_blake2', '_sha3', 'random', 'bisect', '_bisect', '_random', 'numpy.random._bounded_integers', 'numpy.random._mt19937', 'numpy.random._philox', 'numpy.random._pcg64', 'numpy.random._sfc64', 'numpy.random._generator', 'numpy.ctypeslib', 'numpy.ma', 'numpy.ma.core', 'numpy.ma.extras', 'cv2.Error', 'cv2.cuda', 'cv2.detail', 'cv2.dnn', 'cv2.fisheye', 'cv2.flann', 'cv2.ipp', 'cv2.ml', 'cv2.ocl', 'cv2.ogl', 'cv2.samples', 'cv2.utils', 'cv2.videoio_registry', 'cv2.cv2', 'cv2.data', 'glob', 'matplotlib', 'distutils', 'distutils.version', 'inspect', 'dis', 'opcode', '_opcode', 'locale', 'pprint', 'tempfile', 'matplotlib.cbook', 'gzip', 'matplotlib.cbook.deprecation', 'matplotlib.rcsetup', 'matplotlib.fontconfig_pattern', 'pyparsing', 'copy', 'matplotlib.colors', 'matplotlib._color_data', 'cycler', 'six.moves', 'matplotlib._version', 'json', 'json.decoder', 'json.scanner', '_json', 'json.encoder', 'matplotlib.ft2font', 'dateutil', 'dateutil._version', 'kiwisolver', 'socket', '_socket']
CACHEDIR=/home/ec2-user/.cache/matplotlib
Using fontManager instance from /home/ec2-user/.cache/matplotlib/fontlist-v310.json
Loaded backend qt5agg version unknown.
Loaded backend qt5agg version unknown.
Loaded backend qt4agg version unknown.
Loaded backend tkagg version unknown.
Loaded backend agg version unknown.
Loaded backend agg version unknown.
Requirement already satisfied: pandas in /home/ec2-user/anaconda3/lib/python3.7/site-packages (1.0.5)
Requirement already satisfied: python-dateutil>=2.6.1 in /home/ec2-user/anaconda3/lib/python3.7/site-packages (from pandas) (2.8.1)
Requirement already satisfied: pytz>=2017.2 in /home/ec2-user/anaconda3/lib/python3.7/site-packages (from pandas) (2019.3)
Requirement already satisfied: numpy>=1.13.3 in /home/ec2-user/anaconda3/lib/python3.7/site-packages (from pandas) (1.18.1)
Requirement already satisfied: six>=1.5 in /home/ec2-user/anaconda3/lib/python3.7/site-packages (from python-dateutil>=2.6.1->pandas) (1.14.0)
findfont: Matching :family=sans-serif:style=normal:variant=normal:weight=normal:stretch=normal:size=10.0.
findfont: score(<Font 'STIXSizeTwoSym' (STIXSizTwoSymReg.ttf) normal normal regular normal>) = 10.05
findfont: score(<Font 'DejaVu Sans' (DejaVuSans-BoldOblique.ttf) oblique normal bold normal>) = 1.335
findfont: score(<Font 'STIXGeneral' (STIXGeneralBolIta.ttf) italic normal bold normal>) = 11.335
findfont: score(<Font 'cmmi10' (cmmi10.ttf) normal normal 400 normal>) = 10.05
findfont: score(<Font 'STIXGeneral' (STIXGeneralBol.ttf) normal normal bold normal>) = 10.335
findfont: score(<Font 'DejaVu Serif Display' (DejaVuSerifDisplay.ttf) normal normal 400 normal>) = 10.05
findfont: score(<Font 'DejaVu Serif' (DejaVuSerif-BoldItalic.ttf) italic normal bold normal>) = 11.335
findfont: score(<Font 'STIXNonUnicode' (STIXNonUni.ttf) normal normal regular normal>) = 10.05
findfont: score(<Font 'DejaVu Serif' (DejaVuSerif.ttf) normal normal 400 normal>) = 10.05
findfont: score(<Font 'cmr10' (cmr10.ttf) normal normal 400 normal>) = 10.05
findfont: score(<Font 'STIXGeneral' (STIXGeneralItalic.ttf) italic normal 400 normal>) = 11.05
findfont: score(<Font 'DejaVu Serif' (DejaVuSerif-Italic.ttf) italic normal 400 normal>) = 11.05
findfont: score(<Font 'cmss10' (cmss10.ttf) normal normal 400 normal>) = 10.05
findfont: score(<Font 'STIXGeneral' (STIXGeneral.ttf) normal normal regular normal>) = 10.05
findfont: score(<Font 'DejaVu Sans' (DejaVuSans.ttf) normal normal 400 normal>) = 0.05
findfont: score(<Font 'cmsy10' (cmsy10.ttf) normal normal 400 normal>) = 10.05
findfont: score(<Font 'STIXSizeThreeSym' (STIXSizThreeSymBol.ttf) normal normal bold normal>) = 10.335
findfont: score(<Font 'DejaVu Sans Display' (DejaVuSansDisplay.ttf) normal normal 400 normal>) = 10.05
findfont: score(<Font 'STIXNonUnicode' (STIXNonUniBol.ttf) normal normal bold normal>) = 10.335
findfont: score(<Font 'cmb10' (cmb10.ttf) normal normal 400 normal>) = 10.05
findfont: score(<Font 'DejaVu Sans' (DejaVuSans-Oblique.ttf) oblique normal 400 normal>) = 1.05
findfont: score(<Font 'cmtt10' (cmtt10.ttf) normal normal 400 normal>) = 10.05
findfont: score(<Font 'STIXSizeOneSym' (STIXSizOneSymReg.ttf) normal normal regular normal>) = 10.05
findfont: score(<Font 'STIXSizeFiveSym' (STIXSizFiveSymReg.ttf) normal normal regular normal>) = 10.05
findfont: score(<Font 'STIXNonUnicode' (STIXNonUniIta.ttf) italic normal 400 normal>) = 11.05
findfont: score(<Font 'DejaVu Sans Mono' (DejaVuSansMono-BoldOblique.ttf) oblique normal bold normal>) = 11.335
findfont: score(<Font 'STIXSizeTwoSym' (STIXSizTwoSymBol.ttf) normal normal bold normal>) = 10.335
findfont: score(<Font 'cmex10' (cmex10.ttf) normal normal 400 normal>) = 10.05
findfont: score(<Font 'STIXSizeFourSym' (STIXSizFourSymBol.ttf) normal normal bold normal>) = 10.335
findfont: score(<Font 'DejaVu Sans Mono' (DejaVuSansMono.ttf) normal normal 400 normal>) = 10.05
findfont: score(<Font 'STIXSizeFourSym' (STIXSizFourSymReg.ttf) normal normal regular normal>) = 10.05
findfont: score(<Font 'STIXSizeThreeSym' (STIXSizThreeSymReg.ttf) normal normal regular normal>) = 10.05
findfont: score(<Font 'DejaVu Sans' (DejaVuSans-Bold.ttf) normal normal bold normal>) = 0.33499999999999996
findfont: score(<Font 'DejaVu Sans Mono' (DejaVuSansMono-Bold.ttf) normal normal bold normal>) = 10.335
findfont: score(<Font 'DejaVu Sans Mono' (DejaVuSansMono-Oblique.ttf) oblique normal 400 normal>) = 11.05
findfont: score(<Font 'STIXNonUnicode' (STIXNonUniBolIta.ttf) italic normal bold normal>) = 11.335
findfont: score(<Font 'STIXSizeOneSym' (STIXSizOneSymBol.ttf) normal normal bold normal>) = 10.335
findfont: score(<Font 'DejaVu Serif' (DejaVuSerif-Bold.ttf) normal normal bold normal>) = 10.335
findfont: score(<Font 'DejaVu Sans' (DejaVuSansCondensed-Oblique.ttf) oblique normal 400 condensed>) = 1.25
findfont: score(<Font 'DejaVu Sans' (DejaVuSansCondensed.ttf) normal normal 400 condensed>) = 0.25
findfont: score(<Font 'DejaVu Sans' (DejaVuSansCondensed-Bold.ttf) normal normal bold condensed>) = 0.5349999999999999
findfont: score(<Font 'DejaVu Sans' (DejaVuSansCondensed-BoldOblique.ttf) oblique normal bold condensed>) = 1.535
findfont: score(<Font 'DejaVu Sans' (DejaVuSans-ExtraLight.ttf) normal normal light normal>) = 0.24
findfont: Matching :family=sans-serif:style=normal:variant=normal:weight=normal:stretch=normal:size=10.0 to DejaVu Sans ('/home/ec2-user/anaconda3/lib/python3.7/site-packages/matplotlib/mpl-data/fonts/ttf/DejaVuSans.ttf') with score of 0.050000.
Requirement already satisfied: tensorflow in /home/ec2-user/anaconda3/lib/python3.7/site-packages (2.3.0)
Requirement already satisfied: wheel>=0.26 in /home/ec2-user/anaconda3/lib/python3.7/site-packages (from tensorflow) (0.34.2)
Requirement already satisfied: tensorflow-estimator<2.4.0,>=2.3.0 in /home/ec2-user/anaconda3/lib/python3.7/site-packages (from tensorflow) (2.3.0)
Requirement already satisfied: termcolor>=1.1.0 in /home/ec2-user/anaconda3/lib/python3.7/site-packages (from tensorflow) (1.1.0)
Requirement already satisfied: gast==0.3.3 in /home/ec2-user/anaconda3/lib/python3.7/site-packages (from tensorflow) (0.3.3)
Requirement already satisfied: google-pasta>=0.1.8 in /home/ec2-user/anaconda3/lib/python3.7/site-packages (from tensorflow) (0.2.0)
Requirement already satisfied: six>=1.12.0 in /home/ec2-user/anaconda3/lib/python3.7/site-packages (from tensorflow) (1.14.0)
Requirement already satisfied: scipy==1.4.1 in /home/ec2-user/anaconda3/lib/python3.7/site-packages (from tensorflow) (1.4.1)
Requirement already satisfied: absl-py>=0.7.0 in /home/ec2-user/anaconda3/lib/python3.7/site-packages (from tensorflow) (0.9.0)
Requirement already satisfied: h5py<2.11.0,>=2.10.0 in /home/ec2-user/anaconda3/lib/python3.7/site-packages (from tensorflow) (2.10.0)
Requirement already satisfied: opt-einsum>=2.3.2 in /home/ec2-user/anaconda3/lib/python3.7/site-packages (from tensorflow) (3.3.0)
Requirement already satisfied: tensorboard<3,>=2.3.0 in /home/ec2-user/anaconda3/lib/python3.7/site-packages (from tensorflow) (2.3.0)
Requirement already satisfied: protobuf>=3.9.2 in /home/ec2-user/anaconda3/lib/python3.7/site-packages (from tensorflow) (3.12.4)
Requirement already satisfied: wrapt>=1.11.1 in /home/ec2-user/anaconda3/lib/python3.7/site-packages (from tensorflow) (1.12.1)
Requirement already satisfied: grpcio>=1.8.6 in /home/ec2-user/anaconda3/lib/python3.7/site-packages (from tensorflow) (1.31.0)
Requirement already satisfied: keras-preprocessing<1.2,>=1.1.1 in /home/ec2-user/anaconda3/lib/python3.7/site-packages (from tensorflow) (1.1.2)
Requirement already satisfied: numpy<1.19.0,>=1.16.0 in /home/ec2-user/anaconda3/lib/python3.7/site-packages (from tensorflow) (1.18.1)
Requirement already satisfied: astunparse==1.6.3 in /home/ec2-user/anaconda3/lib/python3.7/site-packages (from tensorflow) (1.6.3)
Requirement already satisfied: markdown>=2.6.8 in /home/ec2-user/anaconda3/lib/python3.7/site-packages (from tensorboard<3,>=2.3.0->tensorflow) (3.2.2)
Requirement already satisfied: google-auth<2,>=1.6.3 in /home/ec2-user/anaconda3/lib/python3.7/site-packages (from tensorboard<3,>=2.3.0->tensorflow) (1.20.1)
Requirement already satisfied: setuptools>=41.0.0 in /home/ec2-user/anaconda3/lib/python3.7/site-packages (from tensorboard<3,>=2.3.0->tensorflow) (46.1.3.post20200330)
Requirement already satisfied: werkzeug>=0.11.15 in /home/ec2-user/anaconda3/lib/python3.7/site-packages (from tensorboard<3,>=2.3.0->tensorflow) (1.0.1)
Requirement already satisfied: google-auth-oauthlib<0.5,>=0.4.1 in /home/ec2-user/anaconda3/lib/python3.7/site-packages (from tensorboard<3,>=2.3.0->tensorflow) (0.4.1)
Requirement already satisfied: tensorboard-plugin-wit>=1.6.0 in /home/ec2-user/anaconda3/lib/python3.7/site-packages (from tensorboard<3,>=2.3.0->tensorflow) (1.7.0)
Requirement already satisfied: requests<3,>=2.21.0 in /home/ec2-user/anaconda3/lib/python3.7/site-packages (from tensorboard<3,>=2.3.0->tensorflow) (2.23.0)
Requirement already satisfied: importlib-metadata; python_version < "3.8" in /home/ec2-user/anaconda3/lib/python3.7/site-packages (from markdown>=2.6.8->tensorboard<3,>=2.3.0->tensorflow) (1.5.0)
Requirement already satisfied: cachetools<5.0,>=2.0.0 in /home/ec2-user/anaconda3/lib/python3.7/site-packages (from google-auth<2,>=1.6.3->tensorboard<3,>=2.3.0->tensorflow) (4.1.1)
Requirement already satisfied: pyasn1-modules>=0.2.1 in /home/ec2-user/anaconda3/lib/python3.7/site-packages (from google-auth<2,>=1.6.3->tensorboard<3,>=2.3.0->tensorflow) (0.2.8)
Requirement already satisfied: rsa<5,>=3.1.4; python_version >= "3.5" in /home/ec2-user/anaconda3/lib/python3.7/site-packages (from google-auth<2,>=1.6.3->tensorboard<3,>=2.3.0->tensorflow) (4.6)
Requirement already satisfied: requests-oauthlib>=0.7.0 in /home/ec2-user/anaconda3/lib/python3.7/site-packages (from google-auth-oauthlib<0.5,>=0.4.1->tensorboard<3,>=2.3.0->tensorflow) (1.3.0)
Requirement already satisfied: idna<3,>=2.5 in /home/ec2-user/anaconda3/lib/python3.7/site-packages (from requests<3,>=2.21.0->tensorboard<3,>=2.3.0->tensorflow) (2.9)
Requirement already satisfied: certifi>=2017.4.17 in /home/ec2-user/anaconda3/lib/python3.7/site-packages (from requests<3,>=2.21.0->tensorboard<3,>=2.3.0->tensorflow) (2020.6.20)
Requirement already satisfied: urllib3!=1.25.0,!=1.25.1,<1.26,>=1.21.1 in /home/ec2-user/anaconda3/lib/python3.7/site-packages (from requests<3,>=2.21.0->tensorboard<3,>=2.3.0->tensorflow) (1.25.8)
Requirement already satisfied: chardet<4,>=3.0.2 in /home/ec2-user/anaconda3/lib/python3.7/site-packages (from requests<3,>=2.21.0->tensorboard<3,>=2.3.0->tensorflow) (3.0.4)
Requirement already satisfied: zipp>=0.5 in /home/ec2-user/anaconda3/lib/python3.7/site-packages (from importlib-metadata; python_version < "3.8"->markdown>=2.6.8->tensorboard<3,>=2.3.0->tensorflow) (2.2.0)
Requirement already satisfied: pyasn1<0.5.0,>=0.4.6 in /home/ec2-user/anaconda3/lib/python3.7/site-packages (from pyasn1-modules>=0.2.1->google-auth<2,>=1.6.3->tensorboard<3,>=2.3.0->tensorflow) (0.4.8)
Requirement already satisfied: oauthlib>=3.0.0 in /home/ec2-user/anaconda3/lib/python3.7/site-packages (from requests-oauthlib>=0.7.0->google-auth-oauthlib<0.5,>=0.4.1->tensorboard<3,>=2.3.0->tensorflow) (3.1.0)
Requirement already satisfied: keras in /home/ec2-user/anaconda3/lib/python3.7/site-packages (2.4.3)
Requirement already satisfied: h5py in /home/ec2-user/anaconda3/lib/python3.7/site-packages (from keras) (2.10.0)
Requirement already satisfied: scipy>=0.14 in /home/ec2-user/anaconda3/lib/python3.7/site-packages (from keras) (1.4.1)
Requirement already satisfied: pyyaml in /home/ec2-user/anaconda3/lib/python3.7/site-packages (from keras) (5.3.1)
Requirement already satisfied: numpy>=1.9.1 in /home/ec2-user/anaconda3/lib/python3.7/site-packages (from keras) (1.18.1)
Requirement already satisfied: six in /home/ec2-user/anaconda3/lib/python3.7/site-packages (from h5py->keras) (1.14.0)
2020-08-09 22:15:26.164271: I tensorflow/stream_executor/platform/default/dso_loader.cc:48] Successfully opened dynamic library libcudart.so.10.1
Falling back to TensorFlow client; we recommended you install the Cloud TPU client directly with pip install cloud-tpu-client.
Requirement already satisfied: scikit-learn in /home/ec2-user/anaconda3/lib/python3.7/site-packages (0.23.1)
Requirement already satisfied: threadpoolctl>=2.0.0 in /home/ec2-user/anaconda3/lib/python3.7/site-packages (from scikit-learn) (2.1.0)
Requirement already satisfied: joblib>=0.11 in /home/ec2-user/anaconda3/lib/python3.7/site-packages (from scikit-learn) (0.14.1)
Requirement already satisfied: numpy>=1.13.3 in /home/ec2-user/anaconda3/lib/python3.7/site-packages (from scikit-learn) (1.18.1)
Requirement already satisfied: scipy>=0.19.1 in /home/ec2-user/anaconda3/lib/python3.7/site-packages (from scikit-learn) (1.4.1)
Classes: ['Black-grass' 'Charlock' 'Cleavers' 'Common Chickweed' 'Common wheat'
 'Fat Hen' 'Loose Silky-bent' 'Maize' 'Scentless Mayweed'
 'Shepherds Purse' 'Small-flowered Cranesbill' 'Sugar beet']
Number of classes: 12
2020-08-09 22:15:30.311621: I tensorflow/stream_executor/platform/default/dso_loader.cc:48] Successfully opened dynamic library libcuda.so.1
2020-08-09 22:15:30.342602: E tensorflow/stream_executor/cuda/cuda_driver.cc:314] failed call to cuInit: CUDA_ERROR_NO_DEVICE: no CUDA-capable device is detected
2020-08-09 22:15:30.342706: I tensorflow/stream_executor/cuda/cuda_diagnostics.cc:156] kernel driver does not appear to be running on this host (ip-172-31-10-109.us-west-2.compute.internal): /proc/driver/nvidia/version does not exist
2020-08-09 22:15:30.343416: I tensorflow/core/platform/cpu_feature_guard.cc:142] This TensorFlow binary is optimized with oneAPI Deep Neural Network Library (oneDNN)to use the following CPU instructions in performance-critical operations:  AVX2 FMA
To enable them in other operations, rebuild TensorFlow with the appropriate compiler flags.
2020-08-09 22:15:30.361654: I tensorflow/core/platform/profile_utils/cpu_utils.cc:104] CPU Frequency: 2300035000 Hz
2020-08-09 22:15:30.362406: I tensorflow/compiler/xla/service/service.cc:168] XLA service 0x5651845bcb10 initialized for platform Host (this does not guarantee that XLA will be used). Devices:
2020-08-09 22:15:30.362437: I tensorflow/compiler/xla/service/service.cc:176]   StreamExecutor device (0): Host, Default Version
Model: "sequential_1"
_________________________________________________________________
Layer (type)                 Output Shape              Param #
=================================================================
vgg19 (Functional)           (None, 2, 2, 512)         20024384
_________________________________________________________________
flatten (Flatten)            (None, 2048)              0
_________________________________________________________________
dense (Dense)                (None, 1024)              2098176
_________________________________________________________________
dense_1 (Dense)              (None, 512)               524800
_________________________________________________________________
dense_2 (Dense)              (None, 256)               131328
_________________________________________________________________
dense_3 (Dense)              (None, 128)               32896
_________________________________________________________________
dense_4 (Dense)              (None, 12)                1548
=================================================================
Total params: 22,813,132
Trainable params: 22,813,132
Non-trainable params: 0
_________________________________________________________________
===== ModelCheckpoint Begins =====
===== trainX.shape[0] =====4275
From CNN_20200809_VGG19.py:379: Model.fit_generator (from tensorflow.python.keras.engine.training) is deprecated and will be removed in a future version.
Instructions for updating:
Please use Model.fit, which supports generators.
Epoch 1/35
428/427 [==============================] - ETA: 0s - loss: 1.5330 - accuracy: 0.4613
Epoch 00001: val_accuracy improved from -inf to 0.61053, saving model to /home/ec2-user/Keras_Ex/NN/Assignment_CNN_Group/Saved_Models/Saved/VGG19/weights.best_01-0.61.hdf5

428/427 [==============================] - 343s 801ms/step - loss: 1.5330 - accuracy: 0.4613 - val_loss: 1.1103 - val_accuracy: 0.6105
Epoch 2/35
428/427 [==============================] - ETA: 0s - loss: 0.9656 - accuracy: 0.6636
Epoch 00002: val_accuracy improved from 0.61053 to 0.65053, saving model to /home/ec2-user/Keras_Ex/NN/Assignment_CNN_Group/Saved_Models/Saved/VGG19/weights.best_02-0.65.hdf5

428/427 [==============================] - 343s 801ms/step - loss: 0.9656 - accuracy: 0.6636 - val_loss: 0.9746 - val_accuracy: 0.6505
Epoch 3/35
428/427 [==============================] - ETA: 0s - loss: 0.7729 - accuracy: 0.7237
Epoch 00003: val_accuracy improved from 0.65053 to 0.78947, saving model to /home/ec2-user/Keras_Ex/NN/Assignment_CNN_Group/Saved_Models/Saved/VGG19/weights.best_03-0.79.hdf5

428/427 [==============================] - 342s 800ms/step - loss: 0.7729 - accuracy: 0.7237 - val_loss: 0.6077 - val_accuracy: 0.7895
Epoch 4/35
428/427 [==============================] - ETA: 0s - loss: 0.6791 - accuracy: 0.7675
Epoch 00004: val_accuracy improved from 0.78947 to 0.83158, saving model to /home/ec2-user/Keras_Ex/NN/Assignment_CNN_Group/Saved_Models/Saved/VGG19/weights.best_04-0.83.hdf5

428/427 [==============================] - 342s 800ms/step - loss: 0.6791 - accuracy: 0.7675 - val_loss: 0.5491 - val_accuracy: 0.8316
Epoch 5/35
428/427 [==============================] - ETA: 0s - loss: 0.5605 - accuracy: 0.8049
Epoch 00005: val_accuracy did not improve from 0.83158

428/427 [==============================] - 343s 801ms/step - loss: 0.5605 - accuracy: 0.8049 - val_loss: 0.4952 - val_accuracy: 0.8084
Epoch 6/35
428/427 [==============================] - ETA: 0s - loss: 0.4940 - accuracy: 0.8276
Epoch 00006: val_accuracy did not improve from 0.83158

428/427 [==============================] - 342s 800ms/step - loss: 0.4940 - accuracy: 0.8276 - val_loss: 0.6692 - val_accuracy: 0.7832
Epoch 7/35
428/427 [==============================] - ETA: 0s - loss: 0.4450 - accuracy: 0.8419
Epoch 00007: val_accuracy improved from 0.83158 to 0.84000, saving model to /home/ec2-user/Keras_Ex/NN/Assignment_CNN_Group/Saved_Models/Saved/VGG19/weights.best_07-0.84.hdf5

428/427 [==============================] - 342s 798ms/step - loss: 0.4450 - accuracy: 0.8419 - val_loss: 0.4211 - val_accuracy: 0.8400
Epoch 8/35
428/427 [==============================] - ETA: 0s - loss: 0.4280 - accuracy: 0.8473
Epoch 00008: val_accuracy did not improve from 0.84000

428/427 [==============================] - 342s 800ms/step - loss: 0.4280 - accuracy: 0.8473 - val_loss: 0.4573 - val_accuracy: 0.8379
Epoch 9/35
428/427 [==============================] - ETA: 0s - loss: 0.3755 - accuracy: 0.8643
Epoch 00009: val_accuracy did not improve from 0.84000

428/427 [==============================] - 342s 798ms/step - loss: 0.3755 - accuracy: 0.8643 - val_loss: 0.5284 - val_accuracy: 0.8253
Epoch 10/35
428/427 [==============================] - ETA: 0s - loss: 0.3620 - accuracy: 0.8725
Epoch 00010: val_accuracy improved from 0.84000 to 0.85263, saving model to /home/ec2-user/Keras_Ex/NN/Assignment_CNN_Group/Saved_Models/Saved/VGG19/weights.best_10-0.85.hdf5

428/427 [==============================] - 343s 801ms/step - loss: 0.3620 - accuracy: 0.8725 - val_loss: 0.4014 - val_accuracy: 0.8526
Epoch 11/35
428/427 [==============================] - ETA: 0s - loss: 0.3212 - accuracy: 0.8858
Epoch 00011: val_accuracy improved from 0.85263 to 0.87579, saving model to /home/ec2-user/Keras_Ex/NN/Assignment_CNN_Group/Saved_Models/Saved/VGG19/weights.best_11-0.88.hdf5

428/427 [==============================] - 343s 801ms/step - loss: 0.3212 - accuracy: 0.8858 - val_loss: 0.3719 - val_accuracy: 0.8758
Epoch 12/35
428/427 [==============================] - ETA: 0s - loss: 0.3277 - accuracy: 0.8856
Epoch 00012: val_accuracy improved from 0.87579 to 0.88842, saving model to /home/ec2-user/Keras_Ex/NN/Assignment_CNN_Group/Saved_Models/Saved/VGG19/weights.best_12-0.89.hdf5

428/427 [==============================] - 343s 802ms/step - loss: 0.3277 - accuracy: 0.8856 - val_loss: 0.3059 - val_accuracy: 0.8884
Epoch 13/35
428/427 [==============================] - ETA: 0s - loss: 0.3180 - accuracy: 0.8816
Epoch 00013: val_accuracy did not improve from 0.88842

428/427 [==============================] - 343s 802ms/step - loss: 0.3180 - accuracy: 0.8816 - val_loss: 0.3714 - val_accuracy: 0.8589
Epoch 14/35
428/427 [==============================] - ETA: 0s - loss: 0.3102 - accuracy: 0.8842
Epoch 00014: val_accuracy improved from 0.88842 to 0.89684, saving model to /home/ec2-user/Keras_Ex/NN/Assignment_CNN_Group/Saved_Models/Saved/VGG19/weights.best_14-0.90.hdf5

428/427 [==============================] - 343s 802ms/step - loss: 0.3102 - accuracy: 0.8842 - val_loss: 0.3273 - val_accuracy: 0.8968
Epoch 15/35
428/427 [==============================] - ETA: 0s - loss: 0.2928 - accuracy: 0.8901
Epoch 00015: val_accuracy did not improve from 0.89684

428/427 [==============================] - 342s 799ms/step - loss: 0.2928 - accuracy: 0.8901 - val_loss: 0.3436 - val_accuracy: 0.8758
Epoch 16/35
428/427 [==============================] - ETA: 0s - loss: 0.2686 - accuracy: 0.9006
Epoch 00016: val_accuracy improved from 0.89684 to 0.90105, saving model to /home/ec2-user/Keras_Ex/NN/Assignment_CNN_Group/Saved_Models/Saved/VGG19/weights.best_16-0.90.hdf5

428/427 [==============================] - 427s 997ms/step - loss: 0.2686 - accuracy: 0.9006 - val_loss: 0.2633 - val_accuracy: 0.9011
Epoch 17/35
428/427 [==============================] - ETA: -1s - loss: 0.2659 - accuracy: 0.9008
Epoch 00017: val_accuracy did not improve from 0.90105

428/427 [==============================] - 1308s 3s/step - loss: 0.2659 - accuracy: 0.9008 - val_loss: 0.3104 - val_accuracy: 0.8737
Epoch 18/35
428/427 [==============================] - ETA: -1s - loss: 0.2569 - accuracy: 0.9055
Epoch 00018: val_accuracy improved from 0.90105 to 0.90316, saving model to /home/ec2-user/Keras_Ex/NN/Assignment_CNN_Group/Saved_Models/Saved/VGG19/weights.best_18-0.90.hdf5

428/427 [==============================] - 1160s 3s/step - loss: 0.2569 - accuracy: 0.9055 - val_loss: 0.2972 - val_accuracy: 0.9032
Epoch 19/35
428/427 [==============================] - ETA: 0s - loss: 0.2486 - accuracy: 0.9043
Epoch 00019: val_accuracy did not improve from 0.90316

428/427 [==============================] - 635s 1s/step - loss: 0.2486 - accuracy: 0.9043 - val_loss: 0.3320 - val_accuracy: 0.8989
Epoch 20/35
428/427 [==============================] - ETA: 0s - loss: 0.2447 - accuracy: 0.9062
Epoch 00020: val_accuracy did not improve from 0.90316

428/427 [==============================] - 628s 1s/step - loss: 0.2447 - accuracy: 0.9062 - val_loss: 0.2776 - val_accuracy: 0.9032
Epoch 21/35
428/427 [==============================] - ETA: 0s - loss: 0.2256 - accuracy: 0.9153
Epoch 00021: val_accuracy did not improve from 0.90316

Epoch 00021: ReduceLROnPlateau reducing learning rate to 0.0004000000189989805.

428/427 [==============================] - 702s 2s/step - loss: 0.2256 - accuracy: 0.9153 - val_loss: 0.3027 - val_accuracy: 0.8968
Epoch 22/35
428/427 [==============================] - ETA: 0s - loss: 0.1836 - accuracy: 0.9282
Epoch 00022: val_accuracy improved from 0.90316 to 0.90737, saving model to /home/ec2-user/Keras_Ex/NN/Assignment_CNN_Group/Saved_Models/Saved/VGG19/weights.best_22-0.91.hdf5

428/427 [==============================] - 774s 2s/step - loss: 0.1836 - accuracy: 0.9282 - val_loss: 0.2780 - val_accuracy: 0.9074
Epoch 23/35
428/427 [==============================] - ETA: 0s - loss: 0.1560 - accuracy: 0.9352
Epoch 00023: val_accuracy improved from 0.90737 to 0.91158, saving model to /home/ec2-user/Keras_Ex/NN/Assignment_CNN_Group/Saved_Models/Saved/VGG19/weights.best_23-0.91.hdf5

428/427 [==============================] - 668s 2s/step - loss: 0.1560 - accuracy: 0.9352 - val_loss: 0.2130 - val_accuracy: 0.9116
Epoch 24/35
428/427 [==============================] - ETA: 0s - loss: 0.1596 - accuracy: 0.9366
Epoch 00024: val_accuracy improved from 0.91158 to 0.92211, saving model to /home/ec2-user/Keras_Ex/NN/Assignment_CNN_Group/Saved_Models/Saved/VGG19/weights.best_24-0.92.hdf5

428/427 [==============================] - 694s 2s/step - loss: 0.1596 - accuracy: 0.9366 - val_loss: 0.2431 - val_accuracy: 0.9221
Epoch 25/35
428/427 [==============================] - ETA: 0s - loss: 0.1581 - accuracy: 0.9373
Epoch 00025: val_accuracy did not improve from 0.92211

428/427 [==============================] - 693s 2s/step - loss: 0.1581 - accuracy: 0.9373 - val_loss: 0.2168 - val_accuracy: 0.9179
Epoch 26/35
428/427 [==============================] - ETA: 0s - loss: 0.1477 - accuracy: 0.9396
Epoch 00026: val_accuracy did not improve from 0.92211

428/427 [==============================] - 630s 1s/step - loss: 0.1477 - accuracy: 0.9396 - val_loss: 0.2271 - val_accuracy: 0.9221
Epoch 27/35
428/427 [==============================] - ETA: 0s - loss: 0.1363 - accuracy: 0.9443
Epoch 00027: val_accuracy did not improve from 0.92211

Epoch 00027: ReduceLROnPlateau reducing learning rate to 0.00016000000759959222.

428/427 [==============================] - 633s 1s/step - loss: 0.1363 - accuracy: 0.9443 - val_loss: 0.2874 - val_accuracy: 0.9116
Epoch 28/35
428/427 [==============================] - ETA: 0s - loss: 0.1304 - accuracy: 0.9485
Epoch 00028: val_accuracy improved from 0.92211 to 0.92421, saving model to /home/ec2-user/Keras_Ex/NN/Assignment_CNN_Group/Saved_Models/Saved/VGG19/weights.best_28-0.92.hdf5

428/427 [==============================] - 697s 2s/step - loss: 0.1304 - accuracy: 0.9485 - val_loss: 0.1987 - val_accuracy: 0.9242
Epoch 29/35
428/427 [==============================] - ETA: 0s - loss: 0.1236 - accuracy: 0.9488
Epoch 00029: val_accuracy did not improve from 0.92421

428/427 [==============================] - 695s 2s/step - loss: 0.1236 - accuracy: 0.9488 - val_loss: 0.2171 - val_accuracy: 0.9158
Epoch 30/35
428/427 [==============================] - ETA: 0s - loss: 0.1177 - accuracy: 0.9497
Epoch 00030: val_accuracy did not improve from 0.92421

428/427 [==============================] - 660s 2s/step - loss: 0.1177 - accuracy: 0.9497 - val_loss: 0.2360 - val_accuracy: 0.9242
Epoch 31/35
428/427 [==============================] - ETA: 0s - loss: 0.1166 - accuracy: 0.9537
Epoch 00031: val_accuracy did not improve from 0.92421

Epoch 00031: ReduceLROnPlateau reducing learning rate to 6.40000042039901e-05.

428/427 [==============================] - 618s 1s/step - loss: 0.1166 - accuracy: 0.9537 - val_loss: 0.2221 - val_accuracy: 0.9200
Epoch 32/35
428/427 [==============================] - ETA: 0s - loss: 0.1090 - accuracy: 0.9553
Epoch 00032: val_accuracy did not improve from 0.92421

428/427 [==============================] - 677s 2s/step - loss: 0.1090 - accuracy: 0.9553 - val_loss: 0.2221 - val_accuracy: 0.9200
Epoch 33/35
428/427 [==============================] - ETA: 0s - loss: 0.1112 - accuracy: 0.9532
Epoch 00033: val_accuracy improved from 0.92421 to 0.92842, saving model to /home/ec2-user/Keras_Ex/NN/Assignment_CNN_Group/Saved_Models/Saved/VGG19/weights.best_33-0.93.hdf5

428/427 [==============================] - 694s 2s/step - loss: 0.1112 - accuracy: 0.9532 - val_loss: 0.2164 - val_accuracy: 0.9284
Epoch 34/35
428/427 [==============================] - ETA: 0s - loss: 0.1111 - accuracy: 0.9537
Epoch 00034: val_accuracy improved from 0.92842 to 0.93263, saving model to /home/ec2-user/Keras_Ex/NN/Assignment_CNN_Group/Saved_Models/Saved/VGG19/weights.best_34-0.93.hdf5

428/427 [==============================] - 693s 2s/step - loss: 0.1111 - accuracy: 0.9537 - val_loss: 0.2174 - val_accuracy: 0.9326
Epoch 35/35
428/427 [==============================] - ETA: 0s - loss: 0.1056 - accuracy: 0.9598
Epoch 00035: val_accuracy did not improve from 0.93263

428/427 [==============================] - 620s 1s/step - loss: 0.1056 - accuracy: 0.9598 - val_loss: 0.2176 - val_accuracy: 0.9242
===== ModelCheckpoint Ends =====
===== load_weights Begins =====
Traceback (most recent call last):
  File "CNN_20200809_VGG19.py", line 407, in <module>
    ax.savefig('Training_and_Validation_Loss_ax.png')  # Save image
AttributeError: 'numpy.ndarray' object has no attribute 'savefig'
[ec2-user@ip-172-31-10-109 VGG19]$
